<?xml version="1.0" encoding="UTF-8"?>
<testng-results ignored="0" total="1" passed="1" failed="0" skipped="0">
  <reporter-output>
  </reporter-output>
  <suite started-at="2022-08-09T15:47:00Z" name="Suite" finished-at="2022-08-09T15:47:06Z" duration-ms="6498">
    <groups>
    </groups>
    <test started-at="2022-08-09T15:47:00Z" name="Test" finished-at="2022-08-09T15:47:06Z" duration-ms="6498">
      <class name="jenkinstestngdemo.TestNGDemo">
        <test-method signature="login()[pri:0, instance:jenkinstestngdemo.TestNGDemo@4abdb505]" started-at="2022-08-09T21:17:00Z" name="login" finished-at="2022-08-09T21:17:06Z" duration-ms="6485" status="PASS">
          <reporter-output>
          </reporter-output>
        </test-method> <!-- login -->
      </class> <!-- jenkinstestngdemo.TestNGDemo -->
    </test> <!-- Test -->
  </suite> <!-- Suite -->
</testng-results>
